<?xml version="1.0" encoding="UTF-8"?>
<testng-results ignored="0" total="3" passed="3" failed="0" skipped="0">
  <reporter-output>
  </reporter-output>
  <suite started-at="2025-03-25T17:47:25 GMT" name="Surefire suite" finished-at="2025-03-25T17:47:26 GMT" duration-ms="1295">
    <groups>
    </groups>
    <test started-at="2025-03-25T17:47:25 GMT" name="Surefire test" finished-at="2025-03-25T17:47:26 GMT" duration-ms="1295">
      <class name="test.GetPostRequestTest">
        <test-method signature="anotherGetRequest()[pri:0, instance:test.GetPostRequestTest@6b4a4e18]" started-at="2025-03-25T17:47:25 GMT" name="anotherGetRequest" finished-at="2025-03-25T17:47:26 GMT" duration-ms="874" status="PASS">
          <reporter-output>
          </reporter-output>
        </test-method> <!-- anotherGetRequest -->
        <test-method signature="getRequest()[pri:0, instance:test.GetPostRequestTest@6b4a4e18]" started-at="2025-03-25T17:47:26 GMT" name="getRequest" finished-at="2025-03-25T17:47:26 GMT" duration-ms="231" status="PASS">
          <reporter-output>
          </reporter-output>
        </test-method> <!-- getRequest -->
        <test-method signature="postRequest()[pri:0, instance:test.GetPostRequestTest@6b4a4e18]" started-at="2025-03-25T17:47:26 GMT" name="postRequest" finished-at="2025-03-25T17:47:26 GMT" duration-ms="178" status="PASS">
          <reporter-output>
          </reporter-output>
        </test-method> <!-- postRequest -->
      </class> <!-- test.GetPostRequestTest -->
    </test> <!-- Surefire test -->
  </suite> <!-- Surefire suite -->
</testng-results>
