<?xml version="1.0" encoding="UTF-8"?>
<testsuite xmlns:xsi="http://www.w3.org/2001/XMLSchema-instance" xsi:noNamespaceSchemaLocation="https://maven.apache.org/surefire/maven-surefire-plugin/xsd/surefire-test-report-3.0.xsd" version="3.0" name="TestSuite" time="1.473" tests="3" errors="0" skipped="0" failures="0">
  <properties>
[...]
</properties>
  <testcase name="anotherGetRequest" classname="test.GetPostRequestTest" time="0.874">
    <system-err><![CDATA[SLF4J(W): No SLF4J providers were found.
SLF4J(W): Defaulting to no-operation (NOP) logger implementation
SLF4J(W): See https://www.slf4j.org/codes.html#noProviders for further details.
]]></system-err>
  </testcase>
  <testcase name="getRequest" classname="test.GetPostRequestTest" time="0.23">
    <system-out><![CDATA[200
93
{"page":2,"per_page":6,"total":12,"total_pages":2,"data":[{"id":7,"email":"michael.lawson@reqres.in","first_name":"Michael","last_name":"Lawson","avatar":"https://reqres.in/img/faces/7-image.jpg"},{"id":8,"email":"lindsay.ferguson@reqres.in","first_name":"Lindsay","last_name":"Ferguson","avatar":"https://reqres.in/img/faces/8-image.jpg"},{"id":9,"email":"tobias.funke@reqres.in","first_name":"Tobias","last_name":"Funke","avatar":"https://reqres.in/img/faces/9-image.jpg"},{"id":10,"email":"byron.fields@reqres.in","first_name":"Byron","last_name":"Fields","avatar":"https://reqres.in/img/faces/10-image.jpg"},{"id":11,"email":"george.edwards@reqres.in","first_name":"George","last_name":"Edwards","avatar":"https://reqres.in/img/faces/11-image.jpg"},{"id":12,"email":"rachel.howell@reqres.in","first_name":"Rachel","last_name":"Howell","avatar":"https://reqres.in/img/faces/12-image.jpg"}],"support":{"url":"https://contentcaddy.io?utm_source=reqres&utm_medium=json&utm_campaign=referral","text":"Tired of writing endless social media content? Let Content Caddy generate it for you."}}
]]></system-out>
  </testcase>
  <testcase name="postRequest" classname="test.GetPostRequestTest" time="0.178">
    <system-out><![CDATA[HTTP/1.1 201 Created
Date: Tue, 25 Mar 2025 17:47:26 GMT
Content-Type: application/json; charset=utf-8
Content-Length: 81
Connection: keep-alive
Report-To: {"group":"heroku-nel","max_age":3600,"endpoints":[{"url":"https://nel.heroku.com/reports?ts=1742924846&sid=c4c9725f-1ab0-44d8-820f-430df2718e11&s=G%2FHjD07B2LTSGJvyRH6DELez6xBQAMY31TfhiSsCSAs%3D"}]}
Reporting-Endpoints: heroku-nel=https://nel.heroku.com/reports?ts=1742924846&sid=c4c9725f-1ab0-44d8-820f-430df2718e11&s=G%2FHjD07B2LTSGJvyRH6DELez6xBQAMY31TfhiSsCSAs%3D
Nel: {"report_to":"heroku-nel","max_age":3600,"success_fraction":0.005,"failure_fraction":0.05,"response_headers":["Via"]}
X-Powered-By: Express
Access-Control-Allow-Origin: *
Etag: W/"51-t3gr8RT4SSs10boijS3VhYDOq0A"
Via: 1.1 vegur
cf-cache-status: DYNAMIC
Server: cloudflare
CF-RAY: 92603bc39cca5c49-AMS
server-timing: cfL4;desc="?proto=TCP&rtt=24344&min_rtt=24228&rtt_var=7041&sent=5&recv=7&lost=0&retrans=0&sent_bytes=3109&recv_bytes=906&delivery_rate=173281&cwnd=152&unsent_bytes=0&cid=d5ed3e8e4da47a8d&ts=92&x=0"

{
    "name": "smith",
    "job": "manager",
    "id": "90",
    "createdAt": "2025-03-25T17:47:26.696Z"
}
]]></system-out>
  </testcase>
</testsuite>